<?xml version="1.0" encoding="UTF-8"?>
<!-- Generated by org.testng.reporters.JUnitReportReporter -->
<testsuite hostname="IN-PG02NMK8" failures="0" tests="1" name="maven_project1.Test_mvn" time="0.003" errors="0" timestamp="2022-02-15T23:09:43 IST" skipped="0">
  <testcase classname="maven_project1.Test_mvn" name="testMvn" time="0.003"/>
  <system-out/>
</testsuite> <!-- maven_project1.Test_mvn -->
